<?xml version="1.0" encoding="UTF-8"?>
<coverage generated="1492611988">
  <project timestamp="1492611988">
    <file name="/var/www/belugacdn/src/Auth/AuthenticationInterface.php">
      <metrics loc="11" ncloc="8" classes="0" methods="0" coveredmethods="0" conditionals="0" coveredconditionals="0" statements="0" coveredstatements="0" elements="0" coveredelements="0"/>
    </file>
    <package name="Pachico\BelugaCDN\Auth">
      <file name="/var/www/belugacdn/src/Auth/Credential.php">
        <class name="Credential" namespace="Pachico\BelugaCDN\Auth">
          <metrics complexity="2" methods="2" coveredmethods="2" conditionals="0" coveredconditionals="0" statements="4" coveredstatements="4" elements="6" coveredelements="6"/>
        </class>
        <line num="21" type="method" name="__construct" complexity="1" crap="1" count="1"/>
        <line num="23" type="stmt" count="1"/>
        <line num="24" type="stmt" count="1"/>
        <line num="25" type="stmt" count="1"/>
        <line num="30" type="method" name="getToken" visibility="public" complexity="1" crap="1" count="1"/>
        <line num="32" type="stmt" count="1"/>
        <metrics loc="34" ncloc="21" classes="1" methods="2" coveredmethods="2" conditionals="0" coveredconditionals="0" statements="4" coveredstatements="4" elements="6" coveredelements="6"/>
      </file>
      <file name="/var/www/belugacdn/src/Auth/Token.php">
        <class name="Token" namespace="Pachico\BelugaCDN\Auth">
          <metrics complexity="2" methods="2" coveredmethods="2" conditionals="0" coveredconditionals="0" statements="3" coveredstatements="3" elements="5" coveredelements="5"/>
        </class>
        <line num="15" type="method" name="__construct" complexity="1" crap="1" count="5"/>
        <line num="17" type="stmt" count="5"/>
        <line num="18" type="stmt" count="5"/>
        <line num="23" type="method" name="getToken" visibility="public" complexity="1" crap="1" count="5"/>
        <line num="25" type="stmt" count="5"/>
        <metrics loc="27" ncloc="18" classes="1" methods="2" coveredmethods="2" conditionals="0" coveredconditionals="0" statements="3" coveredstatements="3" elements="5" coveredelements="5"/>
      </file>
    </package>
    <package name="Pachico\BelugaCDN">
      <file name="/var/www/belugacdn/src/CacheInvalidation.php">
        <class name="CacheInvalidation" namespace="Pachico\BelugaCDN">
          <metrics complexity="6" methods="2" coveredmethods="2" conditionals="0" coveredconditionals="0" statements="22" coveredstatements="22" elements="24" coveredelements="24"/>
        </class>
        <line num="26" type="method" name="__construct" visibility="public" complexity="2" crap="2" count="4"/>
        <line num="28" type="stmt" count="4"/>
        <line num="29" type="stmt" count="4"/>
        <line num="31" type="stmt" count="4"/>
        <line num="33" type="stmt" count="4"/>
        <line num="34" type="stmt" count="4"/>
        <line num="35" type="stmt" count="4"/>
        <line num="36" type="stmt" count="4"/>
        <line num="39" type="stmt" count="4"/>
        <line num="49" type="method" name="invalidateCache" visibility="public" complexity="4" crap="4" count="4"/>
        <line num="51" type="stmt" count="4"/>
        <line num="53" type="stmt" count="3"/>
        <line num="54" type="stmt" count="3"/>
        <line num="56" type="stmt" count="3"/>
        <line num="57" type="stmt" count="3"/>
        <line num="60" type="stmt" count="3"/>
        <line num="61" type="stmt" count="2"/>
        <line num="62" type="stmt" count="1"/>
        <line num="65" type="stmt" count="2"/>
        <line num="67" type="stmt" count="2"/>
        <line num="68" type="stmt" count="1"/>
        <line num="71" type="stmt" count="1"/>
        <line num="73" type="stmt" count="1"/>
        <line num="75" type="stmt" count="1"/>
        <metrics loc="77" ncloc="59" classes="1" methods="2" coveredmethods="2" conditionals="0" coveredconditionals="0" statements="22" coveredstatements="22" elements="24" coveredelements="24"/>
      </file>
    </package>
    <metrics files="4" loc="149" ncloc="106" classes="3" methods="6" coveredmethods="6" conditionals="0" coveredconditionals="0" statements="29" coveredstatements="29" elements="35" coveredelements="35"/>
  </project>
</coverage>
